CRITICAL - 2022-11-12 01:48:52 --> Invalid file: templates/index.php
in SYSTEMPATH\Exceptions\FrameworkException.php on line 33.
 1 SYSTEMPATH\View\View.php(201): CodeIgniter\Exceptions\FrameworkException::forInvalidFile('templates/index.php')
 2 SYSTEMPATH\View\View.php(229): CodeIgniter\View\View->render('templates/index', [], true)
 3 SYSTEMPATH\Common.php(1134): CodeIgniter\View\View->render('Admin/home', [], true)
 4 APPPATH\Controllers\Admin.php(9): view('Admin/home')
 5 SYSTEMPATH\CodeIgniter.php(927): App\Controllers\Admin->index()
 6 SYSTEMPATH\CodeIgniter.php(482): CodeIgniter\CodeIgniter->runController(Object(App\Controllers\Admin))
 7 SYSTEMPATH\CodeIgniter.php(351): CodeIgniter\CodeIgniter->handleRequest(null, Object(Config\Cache), false)
 8 FCPATH\index.php(67): CodeIgniter\CodeIgniter->run()
 9 SYSTEMPATH\Commands\Server\rewrite.php(46): require_once('FCPATH\\index.php')
CRITICAL - 2022-11-12 01:49:23 --> Invalid file: templates/index.php
in SYSTEMPATH\Exceptions\FrameworkException.php on line 33.
 1 SYSTEMPATH\View\View.php(201): CodeIgniter\Exceptions\FrameworkException::forInvalidFile('templates/index.php')
 2 SYSTEMPATH\View\View.php(229): CodeIgniter\View\View->render('templates/index', [], true)
 3 SYSTEMPATH\Common.php(1134): CodeIgniter\View\View->render('Admin/home', [], true)
 4 APPPATH\Controllers\Admin.php(9): view('Admin/home')
 5 SYSTEMPATH\CodeIgniter.php(927): App\Controllers\Admin->index()
 6 SYSTEMPATH\CodeIgniter.php(482): CodeIgniter\CodeIgniter->runController(Object(App\Controllers\Admin))
 7 SYSTEMPATH\CodeIgniter.php(351): CodeIgniter\CodeIgniter->handleRequest(null, Object(Config\Cache), false)
 8 FCPATH\index.php(67): CodeIgniter\CodeIgniter->run()
 9 SYSTEMPATH\Commands\Server\rewrite.php(46): require_once('FCPATH\\index.php')
CRITICAL - 2022-11-12 01:49:34 --> Invalid file: templates/index.php
in SYSTEMPATH\Exceptions\FrameworkException.php on line 33.
 1 SYSTEMPATH\View\View.php(201): CodeIgniter\Exceptions\FrameworkException::forInvalidFile('templates/index.php')
 2 SYSTEMPATH\View\View.php(229): CodeIgniter\View\View->render('templates/index', [], true)
 3 SYSTEMPATH\Common.php(1134): CodeIgniter\View\View->render('Admin/home', [], true)
 4 APPPATH\Controllers\Admin.php(9): view('Admin/home')
 5 SYSTEMPATH\CodeIgniter.php(927): App\Controllers\Admin->index()
 6 SYSTEMPATH\CodeIgniter.php(482): CodeIgniter\CodeIgniter->runController(Object(App\Controllers\Admin))
 7 SYSTEMPATH\CodeIgniter.php(351): CodeIgniter\CodeIgniter->handleRequest(null, Object(Config\Cache), false)
 8 FCPATH\index.php(67): CodeIgniter\CodeIgniter->run()
 9 SYSTEMPATH\Commands\Server\rewrite.php(46): require_once('FCPATH\\index.php')
CRITICAL - 2022-11-12 01:49:59 --> Invalid file: templates/index.php
in SYSTEMPATH\Exceptions\FrameworkException.php on line 33.
 1 SYSTEMPATH\View\View.php(201): CodeIgniter\Exceptions\FrameworkException::forInvalidFile('templates/index.php')
 2 SYSTEMPATH\View\View.php(229): CodeIgniter\View\View->render('templates/index', [], true)
 3 SYSTEMPATH\Common.php(1134): CodeIgniter\View\View->render('admin/home', [], true)
 4 APPPATH\Controllers\Admin.php(9): view('admin/home')
 5 SYSTEMPATH\CodeIgniter.php(927): App\Controllers\Admin->index()
 6 SYSTEMPATH\CodeIgniter.php(482): CodeIgniter\CodeIgniter->runController(Object(App\Controllers\Admin))
 7 SYSTEMPATH\CodeIgniter.php(351): CodeIgniter\CodeIgniter->handleRequest(null, Object(Config\Cache), false)
 8 FCPATH\index.php(67): CodeIgniter\CodeIgniter->run()
 9 SYSTEMPATH\Commands\Server\rewrite.php(46): require_once('FCPATH\\index.php')
CRITICAL - 2022-11-12 01:50:00 --> Invalid file: templates/index.php
in SYSTEMPATH\Exceptions\FrameworkException.php on line 33.
 1 SYSTEMPATH\View\View.php(201): CodeIgniter\Exceptions\FrameworkException::forInvalidFile('templates/index.php')
 2 SYSTEMPATH\View\View.php(229): CodeIgniter\View\View->render('templates/index', [], true)
 3 SYSTEMPATH\Common.php(1134): CodeIgniter\View\View->render('admin/home', [], true)
 4 APPPATH\Controllers\Admin.php(9): view('admin/home')
 5 SYSTEMPATH\CodeIgniter.php(927): App\Controllers\Admin->index()
 6 SYSTEMPATH\CodeIgniter.php(482): CodeIgniter\CodeIgniter->runController(Object(App\Controllers\Admin))
 7 SYSTEMPATH\CodeIgniter.php(351): CodeIgniter\CodeIgniter->handleRequest(null, Object(Config\Cache), false)
 8 FCPATH\index.php(67): CodeIgniter\CodeIgniter->run()
 9 SYSTEMPATH\Commands\Server\rewrite.php(46): require_once('FCPATH\\index.php')
CRITICAL - 2022-11-12 01:50:01 --> Invalid file: templates/index.php
in SYSTEMPATH\Exceptions\FrameworkException.php on line 33.
 1 SYSTEMPATH\View\View.php(201): CodeIgniter\Exceptions\FrameworkException::forInvalidFile('templates/index.php')
 2 SYSTEMPATH\View\View.php(229): CodeIgniter\View\View->render('templates/index', [], true)
 3 SYSTEMPATH\Common.php(1134): CodeIgniter\View\View->render('admin/home', [], true)
 4 APPPATH\Controllers\Admin.php(9): view('admin/home')
 5 SYSTEMPATH\CodeIgniter.php(927): App\Controllers\Admin->index()
 6 SYSTEMPATH\CodeIgniter.php(482): CodeIgniter\CodeIgniter->runController(Object(App\Controllers\Admin))
 7 SYSTEMPATH\CodeIgniter.php(351): CodeIgniter\CodeIgniter->handleRequest(null, Object(Config\Cache), false)
 8 FCPATH\index.php(67): CodeIgniter\CodeIgniter->run()
 9 SYSTEMPATH\Commands\Server\rewrite.php(46): require_once('FCPATH\\index.php')
CRITICAL - 2022-11-12 01:50:01 --> Invalid file: templates/index.php
in SYSTEMPATH\Exceptions\FrameworkException.php on line 33.
 1 SYSTEMPATH\View\View.php(201): CodeIgniter\Exceptions\FrameworkException::forInvalidFile('templates/index.php')
 2 SYSTEMPATH\View\View.php(229): CodeIgniter\View\View->render('templates/index', [], true)
 3 SYSTEMPATH\Common.php(1134): CodeIgniter\View\View->render('admin/home', [], true)
 4 APPPATH\Controllers\Admin.php(9): view('admin/home')
 5 SYSTEMPATH\CodeIgniter.php(927): App\Controllers\Admin->index()
 6 SYSTEMPATH\CodeIgniter.php(482): CodeIgniter\CodeIgniter->runController(Object(App\Controllers\Admin))
 7 SYSTEMPATH\CodeIgniter.php(351): CodeIgniter\CodeIgniter->handleRequest(null, Object(Config\Cache), false)
 8 FCPATH\index.php(67): CodeIgniter\CodeIgniter->run()
 9 SYSTEMPATH\Commands\Server\rewrite.php(46): require_once('FCPATH\\index.php')
CRITICAL - 2022-11-12 01:50:01 --> Invalid file: templates/index.php
in SYSTEMPATH\Exceptions\FrameworkException.php on line 33.
 1 SYSTEMPATH\View\View.php(201): CodeIgniter\Exceptions\FrameworkException::forInvalidFile('templates/index.php')
 2 SYSTEMPATH\View\View.php(229): CodeIgniter\View\View->render('templates/index', [], true)
 3 SYSTEMPATH\Common.php(1134): CodeIgniter\View\View->render('admin/home', [], true)
 4 APPPATH\Controllers\Admin.php(9): view('admin/home')
 5 SYSTEMPATH\CodeIgniter.php(927): App\Controllers\Admin->index()
 6 SYSTEMPATH\CodeIgniter.php(482): CodeIgniter\CodeIgniter->runController(Object(App\Controllers\Admin))
 7 SYSTEMPATH\CodeIgniter.php(351): CodeIgniter\CodeIgniter->handleRequest(null, Object(Config\Cache), false)
 8 FCPATH\index.php(67): CodeIgniter\CodeIgniter->run()
 9 SYSTEMPATH\Commands\Server\rewrite.php(46): require_once('FCPATH\\index.php')
CRITICAL - 2022-11-12 01:50:01 --> Invalid file: templates/index.php
in SYSTEMPATH\Exceptions\FrameworkException.php on line 33.
 1 SYSTEMPATH\View\View.php(201): CodeIgniter\Exceptions\FrameworkException::forInvalidFile('templates/index.php')
 2 SYSTEMPATH\View\View.php(229): CodeIgniter\View\View->render('templates/index', [], true)
 3 SYSTEMPATH\Common.php(1134): CodeIgniter\View\View->render('admin/home', [], true)
 4 APPPATH\Controllers\Admin.php(9): view('admin/home')
 5 SYSTEMPATH\CodeIgniter.php(927): App\Controllers\Admin->index()
 6 SYSTEMPATH\CodeIgniter.php(482): CodeIgniter\CodeIgniter->runController(Object(App\Controllers\Admin))
 7 SYSTEMPATH\CodeIgniter.php(351): CodeIgniter\CodeIgniter->handleRequest(null, Object(Config\Cache), false)
 8 FCPATH\index.php(67): CodeIgniter\CodeIgniter->run()
 9 SYSTEMPATH\Commands\Server\rewrite.php(46): require_once('FCPATH\\index.php')
CRITICAL - 2022-11-12 01:50:02 --> Invalid file: templates/index.php
in SYSTEMPATH\Exceptions\FrameworkException.php on line 33.
 1 SYSTEMPATH\View\View.php(201): CodeIgniter\Exceptions\FrameworkException::forInvalidFile('templates/index.php')
 2 SYSTEMPATH\View\View.php(229): CodeIgniter\View\View->render('templates/index', [], true)
 3 SYSTEMPATH\Common.php(1134): CodeIgniter\View\View->render('admin/home', [], true)
 4 APPPATH\Controllers\Admin.php(9): view('admin/home')
 5 SYSTEMPATH\CodeIgniter.php(927): App\Controllers\Admin->index()
 6 SYSTEMPATH\CodeIgniter.php(482): CodeIgniter\CodeIgniter->runController(Object(App\Controllers\Admin))
 7 SYSTEMPATH\CodeIgniter.php(351): CodeIgniter\CodeIgniter->handleRequest(null, Object(Config\Cache), false)
 8 FCPATH\index.php(67): CodeIgniter\CodeIgniter->run()
 9 SYSTEMPATH\Commands\Server\rewrite.php(46): require_once('FCPATH\\index.php')
CRITICAL - 2022-11-12 01:50:02 --> Invalid file: templates/index.php
in SYSTEMPATH\Exceptions\FrameworkException.php on line 33.
 1 SYSTEMPATH\View\View.php(201): CodeIgniter\Exceptions\FrameworkException::forInvalidFile('templates/index.php')
 2 SYSTEMPATH\View\View.php(229): CodeIgniter\View\View->render('templates/index', [], true)
 3 SYSTEMPATH\Common.php(1134): CodeIgniter\View\View->render('admin/home', [], true)
 4 APPPATH\Controllers\Admin.php(9): view('admin/home')
 5 SYSTEMPATH\CodeIgniter.php(927): App\Controllers\Admin->index()
 6 SYSTEMPATH\CodeIgniter.php(482): CodeIgniter\CodeIgniter->runController(Object(App\Controllers\Admin))
 7 SYSTEMPATH\CodeIgniter.php(351): CodeIgniter\CodeIgniter->handleRequest(null, Object(Config\Cache), false)
 8 FCPATH\index.php(67): CodeIgniter\CodeIgniter->run()
 9 SYSTEMPATH\Commands\Server\rewrite.php(46): require_once('FCPATH\\index.php')
CRITICAL - 2022-11-12 01:50:03 --> Invalid file: templates/index.php
in SYSTEMPATH\Exceptions\FrameworkException.php on line 33.
 1 SYSTEMPATH\View\View.php(201): CodeIgniter\Exceptions\FrameworkException::forInvalidFile('templates/index.php')
 2 SYSTEMPATH\View\View.php(229): CodeIgniter\View\View->render('templates/index', [], true)
 3 SYSTEMPATH\Common.php(1134): CodeIgniter\View\View->render('admin/home', [], true)
 4 APPPATH\Controllers\Admin.php(9): view('admin/home')
 5 SYSTEMPATH\CodeIgniter.php(927): App\Controllers\Admin->index()
 6 SYSTEMPATH\CodeIgniter.php(482): CodeIgniter\CodeIgniter->runController(Object(App\Controllers\Admin))
 7 SYSTEMPATH\CodeIgniter.php(351): CodeIgniter\CodeIgniter->handleRequest(null, Object(Config\Cache), false)
 8 FCPATH\index.php(67): CodeIgniter\CodeIgniter->run()
 9 SYSTEMPATH\Commands\Server\rewrite.php(46): require_once('FCPATH\\index.php')
CRITICAL - 2022-11-12 01:50:58 --> Invalid file: templates/index.php
in SYSTEMPATH\Exceptions\FrameworkException.php on line 33.
 1 SYSTEMPATH\View\View.php(201): CodeIgniter\Exceptions\FrameworkException::forInvalidFile('templates/index.php')
 2 SYSTEMPATH\View\View.php(229): CodeIgniter\View\View->render('templates/index', [], true)
 3 SYSTEMPATH\Common.php(1134): CodeIgniter\View\View->render('admin/home', [], true)
 4 APPPATH\Controllers\Admin.php(9): view('admin/home')
 5 SYSTEMPATH\CodeIgniter.php(927): App\Controllers\Admin->index()
 6 SYSTEMPATH\CodeIgniter.php(482): CodeIgniter\CodeIgniter->runController(Object(App\Controllers\Admin))
 7 SYSTEMPATH\CodeIgniter.php(351): CodeIgniter\CodeIgniter->handleRequest(null, Object(Config\Cache), false)
 8 FCPATH\index.php(67): CodeIgniter\CodeIgniter->run()
 9 SYSTEMPATH\Commands\Server\rewrite.php(46): require_once('FCPATH\\index.php')
CRITICAL - 2022-11-12 01:51:33 --> Invalid file: templates/index.php
in SYSTEMPATH\Exceptions\FrameworkException.php on line 33.
 1 SYSTEMPATH\View\View.php(201): CodeIgniter\Exceptions\FrameworkException::forInvalidFile('templates/index.php')
 2 SYSTEMPATH\View\View.php(229): CodeIgniter\View\View->render('templates/index', [], true)
 3 SYSTEMPATH\Common.php(1134): CodeIgniter\View\View->render('admin/home', [], true)
 4 APPPATH\Controllers\Admin.php(9): view('admin/home')
 5 SYSTEMPATH\CodeIgniter.php(927): App\Controllers\Admin->index()
 6 SYSTEMPATH\CodeIgniter.php(482): CodeIgniter\CodeIgniter->runController(Object(App\Controllers\Admin))
 7 SYSTEMPATH\CodeIgniter.php(351): CodeIgniter\CodeIgniter->handleRequest(null, Object(Config\Cache), false)
 8 FCPATH\index.php(67): CodeIgniter\CodeIgniter->run()
 9 SYSTEMPATH\Commands\Server\rewrite.php(46): require_once('FCPATH\\index.php')
CRITICAL - 2022-11-12 01:51:36 --> Invalid file: templates/index.php
in SYSTEMPATH\Exceptions\FrameworkException.php on line 33.
 1 SYSTEMPATH\View\View.php(201): CodeIgniter\Exceptions\FrameworkException::forInvalidFile('templates/index.php')
 2 SYSTEMPATH\View\View.php(229): CodeIgniter\View\View->render('templates/index', [], true)
 3 SYSTEMPATH\Common.php(1134): CodeIgniter\View\View->render('admin/home', [], true)
 4 APPPATH\Controllers\Admin.php(9): view('admin/home')
 5 SYSTEMPATH\CodeIgniter.php(927): App\Controllers\Admin->index()
 6 SYSTEMPATH\CodeIgniter.php(482): CodeIgniter\CodeIgniter->runController(Object(App\Controllers\Admin))
 7 SYSTEMPATH\CodeIgniter.php(351): CodeIgniter\CodeIgniter->handleRequest(null, Object(Config\Cache), false)
 8 FCPATH\index.php(67): CodeIgniter\CodeIgniter->run()
 9 SYSTEMPATH\Commands\Server\rewrite.php(46): require_once('FCPATH\\index.php')
CRITICAL - 2022-11-12 02:16:31 --> Use of undefined constant admin - assumed 'admin' (this will throw an Error in a future version of PHP)
in APPPATH\Views\admin\templates\index.php on line 34.
 1 APPPATH\Views\admin\templates\index.php(34): CodeIgniter\Debug\Exceptions->errorHandler(2, 'Use of undefined constant admin - assumed \'admin\' (this will throw an Error in a future version of PHP)', 'APPPATH\\Views\\admin\\templates\\index.php', 34, [])
 2 SYSTEMPATH\View\View.php(213): include('APPPATH\\Views\\admin\\templates\\index.php')
 3 SYSTEMPATH\View\View.php(216): CodeIgniter\View\View->CodeIgniter\View\{closure}()
 4 SYSTEMPATH\View\View.php(229): CodeIgniter\View\View->render('admin/templates/index', [], true)
 5 SYSTEMPATH\Common.php(1134): CodeIgniter\View\View->render('admin/home', [], true)
 6 APPPATH\Controllers\Admin.php(9): view('admin/home')
 7 SYSTEMPATH\CodeIgniter.php(927): App\Controllers\Admin->index()
 8 SYSTEMPATH\CodeIgniter.php(482): CodeIgniter\CodeIgniter->runController(Object(App\Controllers\Admin))
 9 SYSTEMPATH\CodeIgniter.php(351): CodeIgniter\CodeIgniter->handleRequest(null, Object(Config\Cache), false)
10 FCPATH\index.php(67): CodeIgniter\CodeIgniter->run()
11 SYSTEMPATH\Commands\Server\rewrite.php(46): require_once('FCPATH\\index.php')
CRITICAL - 2022-11-12 02:16:34 --> Use of undefined constant admin - assumed 'admin' (this will throw an Error in a future version of PHP)
in APPPATH\Views\admin\templates\index.php on line 34.
 1 APPPATH\Views\admin\templates\index.php(34): CodeIgniter\Debug\Exceptions->errorHandler(2, 'Use of undefined constant admin - assumed \'admin\' (this will throw an Error in a future version of PHP)', 'APPPATH\\Views\\admin\\templates\\index.php', 34, [])
 2 SYSTEMPATH\View\View.php(213): include('APPPATH\\Views\\admin\\templates\\index.php')
 3 SYSTEMPATH\View\View.php(216): CodeIgniter\View\View->CodeIgniter\View\{closure}()
 4 SYSTEMPATH\View\View.php(229): CodeIgniter\View\View->render('admin/templates/index', [], true)
 5 SYSTEMPATH\Common.php(1134): CodeIgniter\View\View->render('admin/home', [], true)
 6 APPPATH\Controllers\Admin.php(9): view('admin/home')
 7 SYSTEMPATH\CodeIgniter.php(927): App\Controllers\Admin->index()
 8 SYSTEMPATH\CodeIgniter.php(482): CodeIgniter\CodeIgniter->runController(Object(App\Controllers\Admin))
 9 SYSTEMPATH\CodeIgniter.php(351): CodeIgniter\CodeIgniter->handleRequest(null, Object(Config\Cache), false)
10 FCPATH\index.php(67): CodeIgniter\CodeIgniter->run()
11 SYSTEMPATH\Commands\Server\rewrite.php(46): require_once('FCPATH\\index.php')
CRITICAL - 2022-11-12 02:28:23 --> Invalid file: user/home.php
in SYSTEMPATH\Exceptions\FrameworkException.php on line 33.
 1 SYSTEMPATH\View\View.php(201): CodeIgniter\Exceptions\FrameworkException::forInvalidFile('user/home.php')
 2 SYSTEMPATH\Common.php(1134): CodeIgniter\View\View->render('user/home', [], true)
 3 APPPATH\Controllers\User.php(9): view('user/home')
 4 SYSTEMPATH\CodeIgniter.php(927): App\Controllers\User->index()
 5 SYSTEMPATH\CodeIgniter.php(482): CodeIgniter\CodeIgniter->runController(Object(App\Controllers\User))
 6 SYSTEMPATH\CodeIgniter.php(351): CodeIgniter\CodeIgniter->handleRequest(null, Object(Config\Cache), false)
 7 FCPATH\index.php(67): CodeIgniter\CodeIgniter->run()
 8 SYSTEMPATH\Commands\Server\rewrite.php(46): require_once('FCPATH\\index.php')
CRITICAL - 2022-11-12 02:31:11 --> Invalid file: admin/penngguna.php
in SYSTEMPATH\Exceptions\FrameworkException.php on line 33.
 1 SYSTEMPATH\View\View.php(201): CodeIgniter\Exceptions\FrameworkException::forInvalidFile('admin/penngguna.php')
 2 SYSTEMPATH\Common.php(1134): CodeIgniter\View\View->render('admin/penngguna', [], true)
 3 APPPATH\Controllers\Admin.php(17): view('admin/penngguna')
 4 SYSTEMPATH\CodeIgniter.php(927): App\Controllers\Admin->pengguna()
 5 SYSTEMPATH\CodeIgniter.php(482): CodeIgniter\CodeIgniter->runController(Object(App\Controllers\Admin))
 6 SYSTEMPATH\CodeIgniter.php(351): CodeIgniter\CodeIgniter->handleRequest(null, Object(Config\Cache), false)
 7 FCPATH\index.php(67): CodeIgniter\CodeIgniter->run()
 8 SYSTEMPATH\Commands\Server\rewrite.php(46): require_once('FCPATH\\index.php')
CRITICAL - 2022-11-12 02:32:45 --> Invalid file: user/home.php
in SYSTEMPATH\Exceptions\FrameworkException.php on line 33.
 1 SYSTEMPATH\View\View.php(201): CodeIgniter\Exceptions\FrameworkException::forInvalidFile('user/home.php')
 2 SYSTEMPATH\Common.php(1134): CodeIgniter\View\View->render('user/home', [], true)
 3 APPPATH\Controllers\User.php(9): view('user/home')
 4 SYSTEMPATH\CodeIgniter.php(927): App\Controllers\User->index()
 5 SYSTEMPATH\CodeIgniter.php(482): CodeIgniter\CodeIgniter->runController(Object(App\Controllers\User))
 6 SYSTEMPATH\CodeIgniter.php(351): CodeIgniter\CodeIgniter->handleRequest(null, Object(Config\Cache), false)
 7 FCPATH\index.php(67): CodeIgniter\CodeIgniter->run()
 8 SYSTEMPATH\Commands\Server\rewrite.php(46): require_once('FCPATH\\index.php')
CRITICAL - 2022-11-12 02:34:44 --> Invalid file: user/home.php
in SYSTEMPATH\Exceptions\FrameworkException.php on line 33.
 1 SYSTEMPATH\View\View.php(201): CodeIgniter\Exceptions\FrameworkException::forInvalidFile('user/home.php')
 2 SYSTEMPATH\Common.php(1134): CodeIgniter\View\View->render('user/home', [], true)
 3 APPPATH\Controllers\User.php(9): view('user/home')
 4 SYSTEMPATH\CodeIgniter.php(927): App\Controllers\User->index()
 5 SYSTEMPATH\CodeIgniter.php(482): CodeIgniter\CodeIgniter->runController(Object(App\Controllers\User))
 6 SYSTEMPATH\CodeIgniter.php(351): CodeIgniter\CodeIgniter->handleRequest(null, Object(Config\Cache), false)
 7 FCPATH\index.php(67): CodeIgniter\CodeIgniter->run()
 8 SYSTEMPATH\Commands\Server\rewrite.php(46): require_once('FCPATH\\index.php')
CRITICAL - 2022-11-12 02:34:54 --> Invalid file: admin/penngguna.php
in SYSTEMPATH\Exceptions\FrameworkException.php on line 33.
 1 SYSTEMPATH\View\View.php(201): CodeIgniter\Exceptions\FrameworkException::forInvalidFile('admin/penngguna.php')
 2 SYSTEMPATH\Common.php(1134): CodeIgniter\View\View->render('admin/penngguna', [], true)
 3 APPPATH\Controllers\Admin.php(17): view('admin/penngguna')
 4 SYSTEMPATH\CodeIgniter.php(927): App\Controllers\Admin->pengguna()
 5 SYSTEMPATH\CodeIgniter.php(482): CodeIgniter\CodeIgniter->runController(Object(App\Controllers\Admin))
 6 SYSTEMPATH\CodeIgniter.php(351): CodeIgniter\CodeIgniter->handleRequest(null, Object(Config\Cache), false)
 7 FCPATH\index.php(67): CodeIgniter\CodeIgniter->run()
 8 SYSTEMPATH\Commands\Server\rewrite.php(46): require_once('FCPATH\\index.php')
CRITICAL - 2022-11-12 03:09:48 --> Class name must be a valid object or a string
in VENDORPATH\myth\auth\src\Config\Services.php on line 81.
 1 SYSTEMPATH\Config\BaseService.php(253): Myth\Auth\Config\Services::activator(Object(Myth\Auth\Config\Auth), false)
 2 SYSTEMPATH\Config\BaseService.php(194): CodeIgniter\Config\BaseService::__callStatic('activator', [...])
 3 VENDORPATH\myth\auth\src\Config\Services.php(74): CodeIgniter\Config\BaseService::getSharedInstance('activator', null)
 4 SYSTEMPATH\Config\BaseService.php(253): Myth\Auth\Config\Services::activator()
 5 SYSTEMPATH\Common.php(959): CodeIgniter\Config\BaseService::__callStatic('activator', [])
 6 VENDORPATH\myth\auth\src\Controllers\AuthController.php(184): service('activator')
 7 SYSTEMPATH\CodeIgniter.php(927): Myth\Auth\Controllers\AuthController->attemptRegister()
 8 SYSTEMPATH\CodeIgniter.php(482): CodeIgniter\CodeIgniter->runController(Object(Myth\Auth\Controllers\AuthController))
 9 SYSTEMPATH\CodeIgniter.php(351): CodeIgniter\CodeIgniter->handleRequest(null, Object(Config\Cache), false)
10 FCPATH\index.php(67): CodeIgniter\CodeIgniter->run()
11 SYSTEMPATH\Commands\Server\rewrite.php(46): require_once('FCPATH\\index.php')
CRITICAL - 2022-11-12 03:18:23 --> You do not have sufficient permissions to access that page.
in VENDORPATH\myth\auth\src\Filters\RoleFilter.php on line 45.
 1 SYSTEMPATH\Filters\Filters.php(173): Myth\Auth\Filters\RoleFilter->before(Object(CodeIgniter\HTTP\IncomingRequest), [...])
 2 SYSTEMPATH\CodeIgniter.php(455): CodeIgniter\Filters\Filters->run('admin', 'before')
 3 SYSTEMPATH\CodeIgniter.php(351): CodeIgniter\CodeIgniter->handleRequest(null, Object(Config\Cache), false)
 4 FCPATH\index.php(67): CodeIgniter\CodeIgniter->run()
 5 SYSTEMPATH\Commands\Server\rewrite.php(46): require_once('FCPATH\\index.php')
CRITICAL - 2022-11-12 03:18:26 --> You do not have sufficient permissions to access that page.
in VENDORPATH\myth\auth\src\Filters\RoleFilter.php on line 45.
 1 SYSTEMPATH\Filters\Filters.php(173): Myth\Auth\Filters\RoleFilter->before(Object(CodeIgniter\HTTP\IncomingRequest), [...])
 2 SYSTEMPATH\CodeIgniter.php(455): CodeIgniter\Filters\Filters->run('admin', 'before')
 3 SYSTEMPATH\CodeIgniter.php(351): CodeIgniter\CodeIgniter->handleRequest(null, Object(Config\Cache), false)
 4 FCPATH\index.php(67): CodeIgniter\CodeIgniter->run()
 5 SYSTEMPATH\Commands\Server\rewrite.php(46): require_once('FCPATH\\index.php')
CRITICAL - 2022-11-12 03:19:01 --> You do not have sufficient permissions to access that page.
in VENDORPATH\myth\auth\src\Filters\RoleFilter.php on line 45.
 1 SYSTEMPATH\Filters\Filters.php(173): Myth\Auth\Filters\RoleFilter->before(Object(CodeIgniter\HTTP\IncomingRequest), [...])
 2 SYSTEMPATH\CodeIgniter.php(455): CodeIgniter\Filters\Filters->run('admin/tentang', 'before')
 3 SYSTEMPATH\CodeIgniter.php(351): CodeIgniter\CodeIgniter->handleRequest(null, Object(Config\Cache), false)
 4 FCPATH\index.php(67): CodeIgniter\CodeIgniter->run()
 5 SYSTEMPATH\Commands\Server\rewrite.php(46): require_once('FCPATH\\index.php')
ERROR - 2022-11-12 03:22:24 --> Error connecting to the database: mysqli_sql_exception: Unknown database 'cis4_polda' in C:\xampp\htdocs\Sistem-Informasi-Pengaduan-Masyarakat-\vendor\codeigniter4\framework\system\Database\MySQLi\Connection.php:171
Stack trace:
#0 C:\xampp\htdocs\Sistem-Informasi-Pengaduan-Masyarakat-\vendor\codeigniter4\framework\system\Database\MySQLi\Connection.php(171): mysqli->real_connect('localhost', 'root', '', 'cis4_polda', 3306, '', 0)
#1 C:\xampp\htdocs\Sistem-Informasi-Pengaduan-Masyarakat-\vendor\codeigniter4\framework\system\Database\BaseConnection.php(382): CodeIgniter\Database\MySQLi\Connection->connect(false)
#2 C:\xampp\htdocs\Sistem-Informasi-Pengaduan-Masyarakat-\vendor\codeigniter4\framework\system\Database\BaseConnection.php(561): CodeIgniter\Database\BaseConnection->initialize()
#3 C:\xampp\htdocs\Sistem-Informasi-Pengaduan-Masyarakat-\vendor\codeigniter4\framework\system\Database\BaseBuilder.php(1585): CodeIgniter\Database\BaseConnection->query('SELECT *\nFROM `...', Array, false)
#4 C:\xampp\htdocs\Sistem-Informasi-Pengaduan-Masyarakat-\vendor\codeigniter4\framework\system\Model.php(182): CodeIgniter\Database\BaseBuilder->get()
#5 C:\xampp\htdocs\Sistem-Informasi-Pengaduan-Masyarakat-\vendor\codeigniter4\framework\system\BaseModel.php(524): CodeIgniter\Model->doFind(true, '1')
#6 C:\xampp\htdocs\Sistem-Informasi-Pengaduan-Masyarakat-\vendor\myth\auth\src\Authentication\AuthenticationBase.php(130): CodeIgniter\BaseModel->find('1')
#7 C:\xampp\htdocs\Sistem-Informasi-Pengaduan-Masyarakat-\vendor\myth\auth\src\Authentication\LocalAuthenticator.php(67): Myth\Auth\Authentication\AuthenticationBase->isLoggedIn()
#8 C:\xampp\htdocs\Sistem-Informasi-Pengaduan-Masyarakat-\vendor\myth\auth\src\Filters\LoginFilter.php(29): Myth\Auth\Authentication\LocalAuthenticator->check()
#9 C:\xampp\htdocs\Sistem-Informasi-Pengaduan-Masyarakat-\vendor\codeigniter4\framework\system\Filters\Filters.php(173): Myth\Auth\Filters\LoginFilter->before(Object(CodeIgniter\HTTP\IncomingRequest), NULL)
#10 C:\xampp\htdocs\Sistem-Informasi-Pengaduan-Masyarakat-\vendor\codeigniter4\framework\system\CodeIgniter.php(455): CodeIgniter\Filters\Filters->run('admin', 'before')
#11 C:\xampp\htdocs\Sistem-Informasi-Pengaduan-Masyarakat-\vendor\codeigniter4\framework\system\CodeIgniter.php(351): CodeIgniter\CodeIgniter->handleRequest(NULL, Object(Config\Cache), false)
#12 C:\xampp\htdocs\Sistem-Informasi-Pengaduan-Masyarakat-\public\index.php(67): CodeIgniter\CodeIgniter->run()
#13 C:\xampp\htdocs\Sistem-Informasi-Pengaduan-Masyarakat-\vendor\codeigniter4\framework\system\Commands\Server\rewrite.php(46): require_once('C:\\xampp\\htdocs...')
#14 {main}

Next CodeIgniter\Database\Exceptions\DatabaseException: Unknown database 'cis4_polda' in C:\xampp\htdocs\Sistem-Informasi-Pengaduan-Masyarakat-\vendor\codeigniter4\framework\system\Database\MySQLi\Connection.php:215
Stack trace:
#0 C:\xampp\htdocs\Sistem-Informasi-Pengaduan-Masyarakat-\vendor\codeigniter4\framework\system\Database\BaseConnection.php(382): CodeIgniter\Database\MySQLi\Connection->connect(false)
#1 C:\xampp\htdocs\Sistem-Informasi-Pengaduan-Masyarakat-\vendor\codeigniter4\framework\system\Database\BaseConnection.php(561): CodeIgniter\Database\BaseConnection->initialize()
#2 C:\xampp\htdocs\Sistem-Informasi-Pengaduan-Masyarakat-\vendor\codeigniter4\framework\system\Database\BaseBuilder.php(1585): CodeIgniter\Database\BaseConnection->query('SELECT *\nFROM `...', Array, false)
#3 C:\xampp\htdocs\Sistem-Informasi-Pengaduan-Masyarakat-\vendor\codeigniter4\framework\system\Model.php(182): CodeIgniter\Database\BaseBuilder->get()
#4 C:\xampp\htdocs\Sistem-Informasi-Pengaduan-Masyarakat-\vendor\codeigniter4\framework\system\BaseModel.php(524): CodeIgniter\Model->doFind(true, '1')
#5 C:\xampp\htdocs\Sistem-Informasi-Pengaduan-Masyarakat-\vendor\myth\auth\src\Authentication\AuthenticationBase.php(130): CodeIgniter\BaseModel->find('1')
#6 C:\xampp\htdocs\Sistem-Informasi-Pengaduan-Masyarakat-\vendor\myth\auth\src\Authentication\LocalAuthenticator.php(67): Myth\Auth\Authentication\AuthenticationBase->isLoggedIn()
#7 C:\xampp\htdocs\Sistem-Informasi-Pengaduan-Masyarakat-\vendor\myth\auth\src\Filters\LoginFilter.php(29): Myth\Auth\Authentication\LocalAuthenticator->check()
#8 C:\xampp\htdocs\Sistem-Informasi-Pengaduan-Masyarakat-\vendor\codeigniter4\framework\system\Filters\Filters.php(173): Myth\Auth\Filters\LoginFilter->before(Object(CodeIgniter\HTTP\IncomingRequest), NULL)
#9 C:\xampp\htdocs\Sistem-Informasi-Pengaduan-Masyarakat-\vendor\codeigniter4\framework\system\CodeIgniter.php(455): CodeIgniter\Filters\Filters->run('admin', 'before')
#10 C:\xampp\htdocs\Sistem-Informasi-Pengaduan-Masyarakat-\vendor\codeigniter4\framework\system\CodeIgniter.php(351): CodeIgniter\CodeIgniter->handleRequest(NULL, Object(Config\Cache), false)
#11 C:\xampp\htdocs\Sistem-Informasi-Pengaduan-Masyarakat-\public\index.php(67): CodeIgniter\CodeIgniter->run()
#12 C:\xampp\htdocs\Sistem-Informasi-Pengaduan-Masyarakat-\vendor\codeigniter4\framework\system\Commands\Server\rewrite.php(46): require_once('C:\\xampp\\htdocs...')
#13 {main}
CRITICAL - 2022-11-12 03:22:24 --> Unable to connect to the database.
Main connection [MySQLi]: Unknown database 'cis4_polda'
in SYSTEMPATH\Database\BaseConnection.php on line 418.
 1 SYSTEMPATH\Database\BaseConnection.php(561): CodeIgniter\Database\BaseConnection->initialize()
 2 SYSTEMPATH\Database\BaseBuilder.php(1585): CodeIgniter\Database\BaseConnection->query('SELECT *
FROM `users`
WHERE `users`.`deleted_at` IS NULL
AND `users`.`id` = :users.id:', [...], false)
 3 SYSTEMPATH\Model.php(182): CodeIgniter\Database\BaseBuilder->get()
 4 SYSTEMPATH\BaseModel.php(524): CodeIgniter\Model->doFind(true, '1')
 5 VENDORPATH\myth\auth\src\Authentication\AuthenticationBase.php(130): CodeIgniter\BaseModel->find('1')
 6 VENDORPATH\myth\auth\src\Authentication\LocalAuthenticator.php(67): Myth\Auth\Authentication\AuthenticationBase->isLoggedIn()
 7 VENDORPATH\myth\auth\src\Filters\LoginFilter.php(29): Myth\Auth\Authentication\LocalAuthenticator->check()
 8 SYSTEMPATH\Filters\Filters.php(173): Myth\Auth\Filters\LoginFilter->before(Object(CodeIgniter\HTTP\IncomingRequest), null)
 9 SYSTEMPATH\CodeIgniter.php(455): CodeIgniter\Filters\Filters->run('admin', 'before')
10 SYSTEMPATH\CodeIgniter.php(351): CodeIgniter\CodeIgniter->handleRequest(null, Object(Config\Cache), false)
11 FCPATH\index.php(67): CodeIgniter\CodeIgniter->run()
12 SYSTEMPATH\Commands\Server\rewrite.php(46): require_once('FCPATH\\index.php')
ERROR - 2022-11-12 03:22:28 --> Error connecting to the database: mysqli_sql_exception: Unknown database 'cis4_polda' in C:\xampp\htdocs\Sistem-Informasi-Pengaduan-Masyarakat-\vendor\codeigniter4\framework\system\Database\MySQLi\Connection.php:171
Stack trace:
#0 C:\xampp\htdocs\Sistem-Informasi-Pengaduan-Masyarakat-\vendor\codeigniter4\framework\system\Database\MySQLi\Connection.php(171): mysqli->real_connect('localhost', 'root', '', 'cis4_polda', 3306, '', 0)
#1 C:\xampp\htdocs\Sistem-Informasi-Pengaduan-Masyarakat-\vendor\codeigniter4\framework\system\Database\BaseConnection.php(382): CodeIgniter\Database\MySQLi\Connection->connect(false)
#2 C:\xampp\htdocs\Sistem-Informasi-Pengaduan-Masyarakat-\vendor\codeigniter4\framework\system\Database\BaseConnection.php(561): CodeIgniter\Database\BaseConnection->initialize()
#3 C:\xampp\htdocs\Sistem-Informasi-Pengaduan-Masyarakat-\vendor\codeigniter4\framework\system\Database\BaseBuilder.php(1585): CodeIgniter\Database\BaseConnection->query('SELECT *\nFROM `...', Array, false)
#4 C:\xampp\htdocs\Sistem-Informasi-Pengaduan-Masyarakat-\vendor\codeigniter4\framework\system\Model.php(182): CodeIgniter\Database\BaseBuilder->get()
#5 C:\xampp\htdocs\Sistem-Informasi-Pengaduan-Masyarakat-\vendor\codeigniter4\framework\system\BaseModel.php(524): CodeIgniter\Model->doFind(true, '1')
#6 C:\xampp\htdocs\Sistem-Informasi-Pengaduan-Masyarakat-\vendor\myth\auth\src\Authentication\AuthenticationBase.php(130): CodeIgniter\BaseModel->find('1')
#7 C:\xampp\htdocs\Sistem-Informasi-Pengaduan-Masyarakat-\vendor\myth\auth\src\Authentication\LocalAuthenticator.php(67): Myth\Auth\Authentication\AuthenticationBase->isLoggedIn()
#8 C:\xampp\htdocs\Sistem-Informasi-Pengaduan-Masyarakat-\vendor\myth\auth\src\Filters\LoginFilter.php(29): Myth\Auth\Authentication\LocalAuthenticator->check()
#9 C:\xampp\htdocs\Sistem-Informasi-Pengaduan-Masyarakat-\vendor\codeigniter4\framework\system\Filters\Filters.php(173): Myth\Auth\Filters\LoginFilter->before(Object(CodeIgniter\HTTP\IncomingRequest), NULL)
#10 C:\xampp\htdocs\Sistem-Informasi-Pengaduan-Masyarakat-\vendor\codeigniter4\framework\system\CodeIgniter.php(455): CodeIgniter\Filters\Filters->run('/', 'before')
#11 C:\xampp\htdocs\Sistem-Informasi-Pengaduan-Masyarakat-\vendor\codeigniter4\framework\system\CodeIgniter.php(351): CodeIgniter\CodeIgniter->handleRequest(NULL, Object(Config\Cache), false)
#12 C:\xampp\htdocs\Sistem-Informasi-Pengaduan-Masyarakat-\public\index.php(67): CodeIgniter\CodeIgniter->run()
#13 C:\xampp\htdocs\Sistem-Informasi-Pengaduan-Masyarakat-\vendor\codeigniter4\framework\system\Commands\Server\rewrite.php(46): require_once('C:\\xampp\\htdocs...')
#14 {main}

Next CodeIgniter\Database\Exceptions\DatabaseException: Unknown database 'cis4_polda' in C:\xampp\htdocs\Sistem-Informasi-Pengaduan-Masyarakat-\vendor\codeigniter4\framework\system\Database\MySQLi\Connection.php:215
Stack trace:
#0 C:\xampp\htdocs\Sistem-Informasi-Pengaduan-Masyarakat-\vendor\codeigniter4\framework\system\Database\BaseConnection.php(382): CodeIgniter\Database\MySQLi\Connection->connect(false)
#1 C:\xampp\htdocs\Sistem-Informasi-Pengaduan-Masyarakat-\vendor\codeigniter4\framework\system\Database\BaseConnection.php(561): CodeIgniter\Database\BaseConnection->initialize()
#2 C:\xampp\htdocs\Sistem-Informasi-Pengaduan-Masyarakat-\vendor\codeigniter4\framework\system\Database\BaseBuilder.php(1585): CodeIgniter\Database\BaseConnection->query('SELECT *\nFROM `...', Array, false)
#3 C:\xampp\htdocs\Sistem-Informasi-Pengaduan-Masyarakat-\vendor\codeigniter4\framework\system\Model.php(182): CodeIgniter\Database\BaseBuilder->get()
#4 C:\xampp\htdocs\Sistem-Informasi-Pengaduan-Masyarakat-\vendor\codeigniter4\framework\system\BaseModel.php(524): CodeIgniter\Model->doFind(true, '1')
#5 C:\xampp\htdocs\Sistem-Informasi-Pengaduan-Masyarakat-\vendor\myth\auth\src\Authentication\AuthenticationBase.php(130): CodeIgniter\BaseModel->find('1')
#6 C:\xampp\htdocs\Sistem-Informasi-Pengaduan-Masyarakat-\vendor\myth\auth\src\Authentication\LocalAuthenticator.php(67): Myth\Auth\Authentication\AuthenticationBase->isLoggedIn()
#7 C:\xampp\htdocs\Sistem-Informasi-Pengaduan-Masyarakat-\vendor\myth\auth\src\Filters\LoginFilter.php(29): Myth\Auth\Authentication\LocalAuthenticator->check()
#8 C:\xampp\htdocs\Sistem-Informasi-Pengaduan-Masyarakat-\vendor\codeigniter4\framework\system\Filters\Filters.php(173): Myth\Auth\Filters\LoginFilter->before(Object(CodeIgniter\HTTP\IncomingRequest), NULL)
#9 C:\xampp\htdocs\Sistem-Informasi-Pengaduan-Masyarakat-\vendor\codeigniter4\framework\system\CodeIgniter.php(455): CodeIgniter\Filters\Filters->run('/', 'before')
#10 C:\xampp\htdocs\Sistem-Informasi-Pengaduan-Masyarakat-\vendor\codeigniter4\framework\system\CodeIgniter.php(351): CodeIgniter\CodeIgniter->handleRequest(NULL, Object(Config\Cache), false)
#11 C:\xampp\htdocs\Sistem-Informasi-Pengaduan-Masyarakat-\public\index.php(67): CodeIgniter\CodeIgniter->run()
#12 C:\xampp\htdocs\Sistem-Informasi-Pengaduan-Masyarakat-\vendor\codeigniter4\framework\system\Commands\Server\rewrite.php(46): require_once('C:\\xampp\\htdocs...')
#13 {main}
CRITICAL - 2022-11-12 03:22:28 --> Unable to connect to the database.
Main connection [MySQLi]: Unknown database 'cis4_polda'
in SYSTEMPATH\Database\BaseConnection.php on line 418.
 1 SYSTEMPATH\Database\BaseConnection.php(561): CodeIgniter\Database\BaseConnection->initialize()
 2 SYSTEMPATH\Database\BaseBuilder.php(1585): CodeIgniter\Database\BaseConnection->query('SELECT *
FROM `users`
WHERE `users`.`deleted_at` IS NULL
AND `users`.`id` = :users.id:', [...], false)
 3 SYSTEMPATH\Model.php(182): CodeIgniter\Database\BaseBuilder->get()
 4 SYSTEMPATH\BaseModel.php(524): CodeIgniter\Model->doFind(true, '1')
 5 VENDORPATH\myth\auth\src\Authentication\AuthenticationBase.php(130): CodeIgniter\BaseModel->find('1')
 6 VENDORPATH\myth\auth\src\Authentication\LocalAuthenticator.php(67): Myth\Auth\Authentication\AuthenticationBase->isLoggedIn()
 7 VENDORPATH\myth\auth\src\Filters\LoginFilter.php(29): Myth\Auth\Authentication\LocalAuthenticator->check()
 8 SYSTEMPATH\Filters\Filters.php(173): Myth\Auth\Filters\LoginFilter->before(Object(CodeIgniter\HTTP\IncomingRequest), null)
 9 SYSTEMPATH\CodeIgniter.php(455): CodeIgniter\Filters\Filters->run('C:\\', 'before')
10 SYSTEMPATH\CodeIgniter.php(351): CodeIgniter\CodeIgniter->handleRequest(null, Object(Config\Cache), false)
11 FCPATH\index.php(67): CodeIgniter\CodeIgniter->run()
12 SYSTEMPATH\Commands\Server\rewrite.php(46): require_once('FCPATH\\index.php')
ERROR - 2022-11-12 03:23:39 --> Error connecting to the database: mysqli_sql_exception: Unknown database 'cis4_polda' in C:\xampp\htdocs\Sistem-Informasi-Pengaduan-Masyarakat-\vendor\codeigniter4\framework\system\Database\MySQLi\Connection.php:171
Stack trace:
#0 C:\xampp\htdocs\Sistem-Informasi-Pengaduan-Masyarakat-\vendor\codeigniter4\framework\system\Database\MySQLi\Connection.php(171): mysqli->real_connect('localhost', 'root', '', 'cis4_polda', 3306, '', 0)
#1 C:\xampp\htdocs\Sistem-Informasi-Pengaduan-Masyarakat-\vendor\codeigniter4\framework\system\Database\BaseConnection.php(382): CodeIgniter\Database\MySQLi\Connection->connect(false)
#2 C:\xampp\htdocs\Sistem-Informasi-Pengaduan-Masyarakat-\vendor\codeigniter4\framework\system\Database\BaseConnection.php(561): CodeIgniter\Database\BaseConnection->initialize()
#3 C:\xampp\htdocs\Sistem-Informasi-Pengaduan-Masyarakat-\vendor\codeigniter4\framework\system\Database\BaseBuilder.php(1585): CodeIgniter\Database\BaseConnection->query('SELECT *\nFROM `...', Array, false)
#4 C:\xampp\htdocs\Sistem-Informasi-Pengaduan-Masyarakat-\vendor\codeigniter4\framework\system\Model.php(182): CodeIgniter\Database\BaseBuilder->get()
#5 C:\xampp\htdocs\Sistem-Informasi-Pengaduan-Masyarakat-\vendor\codeigniter4\framework\system\BaseModel.php(524): CodeIgniter\Model->doFind(true, '1')
#6 C:\xampp\htdocs\Sistem-Informasi-Pengaduan-Masyarakat-\vendor\myth\auth\src\Authentication\AuthenticationBase.php(130): CodeIgniter\BaseModel->find('1')
#7 C:\xampp\htdocs\Sistem-Informasi-Pengaduan-Masyarakat-\vendor\myth\auth\src\Authentication\LocalAuthenticator.php(67): Myth\Auth\Authentication\AuthenticationBase->isLoggedIn()
#8 C:\xampp\htdocs\Sistem-Informasi-Pengaduan-Masyarakat-\vendor\myth\auth\src\Filters\LoginFilter.php(29): Myth\Auth\Authentication\LocalAuthenticator->check()
#9 C:\xampp\htdocs\Sistem-Informasi-Pengaduan-Masyarakat-\vendor\codeigniter4\framework\system\Filters\Filters.php(173): Myth\Auth\Filters\LoginFilter->before(Object(CodeIgniter\HTTP\IncomingRequest), NULL)
#10 C:\xampp\htdocs\Sistem-Informasi-Pengaduan-Masyarakat-\vendor\codeigniter4\framework\system\CodeIgniter.php(455): CodeIgniter\Filters\Filters->run('admin', 'before')
#11 C:\xampp\htdocs\Sistem-Informasi-Pengaduan-Masyarakat-\vendor\codeigniter4\framework\system\CodeIgniter.php(351): CodeIgniter\CodeIgniter->handleRequest(NULL, Object(Config\Cache), false)
#12 C:\xampp\htdocs\Sistem-Informasi-Pengaduan-Masyarakat-\public\index.php(67): CodeIgniter\CodeIgniter->run()
#13 C:\xampp\htdocs\Sistem-Informasi-Pengaduan-Masyarakat-\vendor\codeigniter4\framework\system\Commands\Server\rewrite.php(46): require_once('C:\\xampp\\htdocs...')
#14 {main}

Next CodeIgniter\Database\Exceptions\DatabaseException: Unknown database 'cis4_polda' in C:\xampp\htdocs\Sistem-Informasi-Pengaduan-Masyarakat-\vendor\codeigniter4\framework\system\Database\MySQLi\Connection.php:215
Stack trace:
#0 C:\xampp\htdocs\Sistem-Informasi-Pengaduan-Masyarakat-\vendor\codeigniter4\framework\system\Database\BaseConnection.php(382): CodeIgniter\Database\MySQLi\Connection->connect(false)
#1 C:\xampp\htdocs\Sistem-Informasi-Pengaduan-Masyarakat-\vendor\codeigniter4\framework\system\Database\BaseConnection.php(561): CodeIgniter\Database\BaseConnection->initialize()
#2 C:\xampp\htdocs\Sistem-Informasi-Pengaduan-Masyarakat-\vendor\codeigniter4\framework\system\Database\BaseBuilder.php(1585): CodeIgniter\Database\BaseConnection->query('SELECT *\nFROM `...', Array, false)
#3 C:\xampp\htdocs\Sistem-Informasi-Pengaduan-Masyarakat-\vendor\codeigniter4\framework\system\Model.php(182): CodeIgniter\Database\BaseBuilder->get()
#4 C:\xampp\htdocs\Sistem-Informasi-Pengaduan-Masyarakat-\vendor\codeigniter4\framework\system\BaseModel.php(524): CodeIgniter\Model->doFind(true, '1')
#5 C:\xampp\htdocs\Sistem-Informasi-Pengaduan-Masyarakat-\vendor\myth\auth\src\Authentication\AuthenticationBase.php(130): CodeIgniter\BaseModel->find('1')
#6 C:\xampp\htdocs\Sistem-Informasi-Pengaduan-Masyarakat-\vendor\myth\auth\src\Authentication\LocalAuthenticator.php(67): Myth\Auth\Authentication\AuthenticationBase->isLoggedIn()
#7 C:\xampp\htdocs\Sistem-Informasi-Pengaduan-Masyarakat-\vendor\myth\auth\src\Filters\LoginFilter.php(29): Myth\Auth\Authentication\LocalAuthenticator->check()
#8 C:\xampp\htdocs\Sistem-Informasi-Pengaduan-Masyarakat-\vendor\codeigniter4\framework\system\Filters\Filters.php(173): Myth\Auth\Filters\LoginFilter->before(Object(CodeIgniter\HTTP\IncomingRequest), NULL)
#9 C:\xampp\htdocs\Sistem-Informasi-Pengaduan-Masyarakat-\vendor\codeigniter4\framework\system\CodeIgniter.php(455): CodeIgniter\Filters\Filters->run('admin', 'before')
#10 C:\xampp\htdocs\Sistem-Informasi-Pengaduan-Masyarakat-\vendor\codeigniter4\framework\system\CodeIgniter.php(351): CodeIgniter\CodeIgniter->handleRequest(NULL, Object(Config\Cache), false)
#11 C:\xampp\htdocs\Sistem-Informasi-Pengaduan-Masyarakat-\public\index.php(67): CodeIgniter\CodeIgniter->run()
#12 C:\xampp\htdocs\Sistem-Informasi-Pengaduan-Masyarakat-\vendor\codeigniter4\framework\system\Commands\Server\rewrite.php(46): require_once('C:\\xampp\\htdocs...')
#13 {main}
CRITICAL - 2022-11-12 03:23:39 --> Unable to connect to the database.
Main connection [MySQLi]: Unknown database 'cis4_polda'
in SYSTEMPATH\Database\BaseConnection.php on line 418.
 1 SYSTEMPATH\Database\BaseConnection.php(561): CodeIgniter\Database\BaseConnection->initialize()
 2 SYSTEMPATH\Database\BaseBuilder.php(1585): CodeIgniter\Database\BaseConnection->query('SELECT *
FROM `users`
WHERE `users`.`deleted_at` IS NULL
AND `users`.`id` = :users.id:', [...], false)
 3 SYSTEMPATH\Model.php(182): CodeIgniter\Database\BaseBuilder->get()
 4 SYSTEMPATH\BaseModel.php(524): CodeIgniter\Model->doFind(true, '1')
 5 VENDORPATH\myth\auth\src\Authentication\AuthenticationBase.php(130): CodeIgniter\BaseModel->find('1')
 6 VENDORPATH\myth\auth\src\Authentication\LocalAuthenticator.php(67): Myth\Auth\Authentication\AuthenticationBase->isLoggedIn()
 7 VENDORPATH\myth\auth\src\Filters\LoginFilter.php(29): Myth\Auth\Authentication\LocalAuthenticator->check()
 8 SYSTEMPATH\Filters\Filters.php(173): Myth\Auth\Filters\LoginFilter->before(Object(CodeIgniter\HTTP\IncomingRequest), null)
 9 SYSTEMPATH\CodeIgniter.php(455): CodeIgniter\Filters\Filters->run('admin', 'before')
10 SYSTEMPATH\CodeIgniter.php(351): CodeIgniter\CodeIgniter->handleRequest(null, Object(Config\Cache), false)
11 FCPATH\index.php(67): CodeIgniter\CodeIgniter->run()
12 SYSTEMPATH\Commands\Server\rewrite.php(46): require_once('FCPATH\\index.php')
ERROR - 2022-11-12 03:23:40 --> Error connecting to the database: mysqli_sql_exception: Unknown database 'cis4_polda' in C:\xampp\htdocs\Sistem-Informasi-Pengaduan-Masyarakat-\vendor\codeigniter4\framework\system\Database\MySQLi\Connection.php:171
Stack trace:
#0 C:\xampp\htdocs\Sistem-Informasi-Pengaduan-Masyarakat-\vendor\codeigniter4\framework\system\Database\MySQLi\Connection.php(171): mysqli->real_connect('localhost', 'root', '', 'cis4_polda', 3306, '', 0)
#1 C:\xampp\htdocs\Sistem-Informasi-Pengaduan-Masyarakat-\vendor\codeigniter4\framework\system\Database\BaseConnection.php(382): CodeIgniter\Database\MySQLi\Connection->connect(false)
#2 C:\xampp\htdocs\Sistem-Informasi-Pengaduan-Masyarakat-\vendor\codeigniter4\framework\system\Database\BaseConnection.php(561): CodeIgniter\Database\BaseConnection->initialize()
#3 C:\xampp\htdocs\Sistem-Informasi-Pengaduan-Masyarakat-\vendor\codeigniter4\framework\system\Database\BaseBuilder.php(1585): CodeIgniter\Database\BaseConnection->query('SELECT *\nFROM `...', Array, false)
#4 C:\xampp\htdocs\Sistem-Informasi-Pengaduan-Masyarakat-\vendor\codeigniter4\framework\system\Model.php(182): CodeIgniter\Database\BaseBuilder->get()
#5 C:\xampp\htdocs\Sistem-Informasi-Pengaduan-Masyarakat-\vendor\codeigniter4\framework\system\BaseModel.php(524): CodeIgniter\Model->doFind(true, '1')
#6 C:\xampp\htdocs\Sistem-Informasi-Pengaduan-Masyarakat-\vendor\myth\auth\src\Authentication\AuthenticationBase.php(130): CodeIgniter\BaseModel->find('1')
#7 C:\xampp\htdocs\Sistem-Informasi-Pengaduan-Masyarakat-\vendor\myth\auth\src\Authentication\LocalAuthenticator.php(67): Myth\Auth\Authentication\AuthenticationBase->isLoggedIn()
#8 C:\xampp\htdocs\Sistem-Informasi-Pengaduan-Masyarakat-\vendor\myth\auth\src\Filters\LoginFilter.php(29): Myth\Auth\Authentication\LocalAuthenticator->check()
#9 C:\xampp\htdocs\Sistem-Informasi-Pengaduan-Masyarakat-\vendor\codeigniter4\framework\system\Filters\Filters.php(173): Myth\Auth\Filters\LoginFilter->before(Object(CodeIgniter\HTTP\IncomingRequest), NULL)
#10 C:\xampp\htdocs\Sistem-Informasi-Pengaduan-Masyarakat-\vendor\codeigniter4\framework\system\CodeIgniter.php(455): CodeIgniter\Filters\Filters->run('/', 'before')
#11 C:\xampp\htdocs\Sistem-Informasi-Pengaduan-Masyarakat-\vendor\codeigniter4\framework\system\CodeIgniter.php(351): CodeIgniter\CodeIgniter->handleRequest(NULL, Object(Config\Cache), false)
#12 C:\xampp\htdocs\Sistem-Informasi-Pengaduan-Masyarakat-\public\index.php(67): CodeIgniter\CodeIgniter->run()
#13 C:\xampp\htdocs\Sistem-Informasi-Pengaduan-Masyarakat-\vendor\codeigniter4\framework\system\Commands\Server\rewrite.php(46): require_once('C:\\xampp\\htdocs...')
#14 {main}

Next CodeIgniter\Database\Exceptions\DatabaseException: Unknown database 'cis4_polda' in C:\xampp\htdocs\Sistem-Informasi-Pengaduan-Masyarakat-\vendor\codeigniter4\framework\system\Database\MySQLi\Connection.php:215
Stack trace:
#0 C:\xampp\htdocs\Sistem-Informasi-Pengaduan-Masyarakat-\vendor\codeigniter4\framework\system\Database\BaseConnection.php(382): CodeIgniter\Database\MySQLi\Connection->connect(false)
#1 C:\xampp\htdocs\Sistem-Informasi-Pengaduan-Masyarakat-\vendor\codeigniter4\framework\system\Database\BaseConnection.php(561): CodeIgniter\Database\BaseConnection->initialize()
#2 C:\xampp\htdocs\Sistem-Informasi-Pengaduan-Masyarakat-\vendor\codeigniter4\framework\system\Database\BaseBuilder.php(1585): CodeIgniter\Database\BaseConnection->query('SELECT *\nFROM `...', Array, false)
#3 C:\xampp\htdocs\Sistem-Informasi-Pengaduan-Masyarakat-\vendor\codeigniter4\framework\system\Model.php(182): CodeIgniter\Database\BaseBuilder->get()
#4 C:\xampp\htdocs\Sistem-Informasi-Pengaduan-Masyarakat-\vendor\codeigniter4\framework\system\BaseModel.php(524): CodeIgniter\Model->doFind(true, '1')
#5 C:\xampp\htdocs\Sistem-Informasi-Pengaduan-Masyarakat-\vendor\myth\auth\src\Authentication\AuthenticationBase.php(130): CodeIgniter\BaseModel->find('1')
#6 C:\xampp\htdocs\Sistem-Informasi-Pengaduan-Masyarakat-\vendor\myth\auth\src\Authentication\LocalAuthenticator.php(67): Myth\Auth\Authentication\AuthenticationBase->isLoggedIn()
#7 C:\xampp\htdocs\Sistem-Informasi-Pengaduan-Masyarakat-\vendor\myth\auth\src\Filters\LoginFilter.php(29): Myth\Auth\Authentication\LocalAuthenticator->check()
#8 C:\xampp\htdocs\Sistem-Informasi-Pengaduan-Masyarakat-\vendor\codeigniter4\framework\system\Filters\Filters.php(173): Myth\Auth\Filters\LoginFilter->before(Object(CodeIgniter\HTTP\IncomingRequest), NULL)
#9 C:\xampp\htdocs\Sistem-Informasi-Pengaduan-Masyarakat-\vendor\codeigniter4\framework\system\CodeIgniter.php(455): CodeIgniter\Filters\Filters->run('/', 'before')
#10 C:\xampp\htdocs\Sistem-Informasi-Pengaduan-Masyarakat-\vendor\codeigniter4\framework\system\CodeIgniter.php(351): CodeIgniter\CodeIgniter->handleRequest(NULL, Object(Config\Cache), false)
#11 C:\xampp\htdocs\Sistem-Informasi-Pengaduan-Masyarakat-\public\index.php(67): CodeIgniter\CodeIgniter->run()
#12 C:\xampp\htdocs\Sistem-Informasi-Pengaduan-Masyarakat-\vendor\codeigniter4\framework\system\Commands\Server\rewrite.php(46): require_once('C:\\xampp\\htdocs...')
#13 {main}
CRITICAL - 2022-11-12 03:23:40 --> Unable to connect to the database.
Main connection [MySQLi]: Unknown database 'cis4_polda'
in SYSTEMPATH\Database\BaseConnection.php on line 418.
 1 SYSTEMPATH\Database\BaseConnection.php(561): CodeIgniter\Database\BaseConnection->initialize()
 2 SYSTEMPATH\Database\BaseBuilder.php(1585): CodeIgniter\Database\BaseConnection->query('SELECT *
FROM `users`
WHERE `users`.`deleted_at` IS NULL
AND `users`.`id` = :users.id:', [...], false)
 3 SYSTEMPATH\Model.php(182): CodeIgniter\Database\BaseBuilder->get()
 4 SYSTEMPATH\BaseModel.php(524): CodeIgniter\Model->doFind(true, '1')
 5 VENDORPATH\myth\auth\src\Authentication\AuthenticationBase.php(130): CodeIgniter\BaseModel->find('1')
 6 VENDORPATH\myth\auth\src\Authentication\LocalAuthenticator.php(67): Myth\Auth\Authentication\AuthenticationBase->isLoggedIn()
 7 VENDORPATH\myth\auth\src\Filters\LoginFilter.php(29): Myth\Auth\Authentication\LocalAuthenticator->check()
 8 SYSTEMPATH\Filters\Filters.php(173): Myth\Auth\Filters\LoginFilter->before(Object(CodeIgniter\HTTP\IncomingRequest), null)
 9 SYSTEMPATH\CodeIgniter.php(455): CodeIgniter\Filters\Filters->run('C:\\', 'before')
10 SYSTEMPATH\CodeIgniter.php(351): CodeIgniter\CodeIgniter->handleRequest(null, Object(Config\Cache), false)
11 FCPATH\index.php(67): CodeIgniter\CodeIgniter->run()
12 SYSTEMPATH\Commands\Server\rewrite.php(46): require_once('FCPATH\\index.php')
